<?xml version="1.0" encoding="UTF-8"?>
<testsuites>
  <testsuite name="fastlane.lanes">
    
    
    
      
      <testcase classname="fastlane.lanes" name="00: import_from_git" time="2.675545">
        
      </testcase>
    
      
      <testcase classname="fastlane.lanes" name="01: git_pull" time="2.19001">
        
      </testcase>
    
      
      <testcase classname="fastlane.lanes" name="02: ensure_git_branch" time="0.016519">
        
      </testcase>
    
      
      <testcase classname="fastlane.lanes" name="03: version_bump_podspec" time="0.004389">
        
      </testcase>
    
      
      <testcase classname="fastlane.lanes" name="04: git_add" time="0.015212">
        
      </testcase>
    
      
      <testcase classname="fastlane.lanes" name="05: git_commit" time="0.044955">
        
      </testcase>
    
      
      <testcase classname="fastlane.lanes" name="06: push_to_git_remote" time="6.221835">
        
      </testcase>
    
      
      <testcase classname="fastlane.lanes" name="07: git_tag_exists" time="0.013434">
        
      </testcase>
    
      
      <testcase classname="fastlane.lanes" name="08: remove_git_tag" time="4.581193">
        
      </testcase>
    
      
      <testcase classname="fastlane.lanes" name="09: add_git_tag" time="0.02071">
        
      </testcase>
    
      
      <testcase classname="fastlane.lanes" name="10: push_git_tags" time="5.071228">
        
      </testcase>
    
      
      <testcase classname="fastlane.lanes" name="11: pod_push" time="37.088002">
        
          <failure message="/usr/local/lib/ruby/gems/2.5.0/gems/fastlane-2.141.0/fastlane/lib/fastlane/actions/actions_helper.rb:48:in `execute_action'&#10;/usr/local/lib/ruby/gems/2.5.0/gems/fastlane-2.141.0/fastlane/lib/fastlane/runner.rb:253:in `block in execute_action'&#10;/usr/local/lib/ruby/gems/2.5.0/gems/fastlane-2.141.0/fastlane/lib/fastlane/runner.rb:227:in `chdir'&#10;/usr/local/lib/ruby/gems/2.5.0/gems/fastlane-2.141.0/fastlane/lib/fastlane/runner.rb:227:in `execute_action'&#10;/usr/local/lib/ruby/gems/2.5.0/gems/fastlane-2.141.0/fastlane/lib/fastlane/runner.rb:157:in `trigger_action_by_name'&#10;/usr/local/lib/ruby/gems/2.5.0/gems/fastlane-2.141.0/fastlane/lib/fastlane/fast_file.rb:159:in `method_missing'&#10;../../../../../../../var/folders/cf/55wtc_bj5wq7w4k9t5wz5s180000gn/T/fl_clone20200318-96932-241vhp/fastlane-files/fastlane/Fastfile:27:in `block in parsing_binding'&#10;/usr/local/lib/ruby/gems/2.5.0/gems/fastlane-2.141.0/fastlane/lib/fastlane/lane.rb:33:in `call'&#10;/usr/local/lib/ruby/gems/2.5.0/gems/fastlane-2.141.0/fastlane/lib/fastlane/runner.rb:49:in `block in execute'&#10;/usr/local/lib/ruby/gems/2.5.0/gems/fastlane-2.141.0/fastlane/lib/fastlane/runner.rb:45:in `chdir'&#10;/usr/local/lib/ruby/gems/2.5.0/gems/fastlane-2.141.0/fastlane/lib/fastlane/runner.rb:45:in `execute'&#10;/usr/local/lib/ruby/gems/2.5.0/gems/fastlane-2.141.0/fastlane/lib/fastlane/lane_manager.rb:56:in `cruise_lane'&#10;/usr/local/lib/ruby/gems/2.5.0/gems/fastlane-2.141.0/fastlane/lib/fastlane/command_line_handler.rb:36:in `handle'&#10;/usr/local/lib/ruby/gems/2.5.0/gems/fastlane-2.141.0/fastlane/lib/fastlane/commands_generator.rb:108:in `block (2 levels) in run'&#10;/usr/local/lib/ruby/gems/2.5.0/gems/commander-fastlane-4.4.6/lib/commander/command.rb:178:in `call'&#10;/usr/local/lib/ruby/gems/2.5.0/gems/commander-fastlane-4.4.6/lib/commander/command.rb:153:in `run'&#10;/usr/local/lib/ruby/gems/2.5.0/gems/commander-fastlane-4.4.6/lib/commander/runner.rb:476:in `run_active_command'&#10;/usr/local/lib/ruby/gems/2.5.0/gems/fastlane-2.141.0/fastlane_core/lib/fastlane_core/ui/fastlane_runner.rb:76:in `run!'&#10;/usr/local/lib/ruby/gems/2.5.0/gems/commander-fastlane-4.4.6/lib/commander/delegates.rb:15:in `run!'&#10;/usr/local/lib/ruby/gems/2.5.0/gems/fastlane-2.141.0/fastlane/lib/fastlane/commands_generator.rb:349:in `run'&#10;/usr/local/lib/ruby/gems/2.5.0/gems/fastlane-2.141.0/fastlane/lib/fastlane/commands_generator.rb:41:in `start'&#10;/usr/local/lib/ruby/gems/2.5.0/gems/fastlane-2.141.0/fastlane/lib/fastlane/cli_tools_distributor.rb:119:in `take_off'&#10;/usr/local/lib/ruby/gems/2.5.0/gems/fastlane-2.141.0/bin/fastlane:23:in `&lt;top (required)&gt;'&#10;/usr/local/bin/fastlane:23:in `load'&#10;/usr/local/bin/fastlane:23:in `&lt;main&gt;'&#10;&#10;Exit status of command 'pod trunk push 'XTReq.podspec' --allow-warnings --use-libraries' was 1 instead of 0.&#10;Updating spec repo `trunk`&#10;&#10;CocoaPods 1.9.1 is available.&#10;To update use: `sudo gem install cocoapods`&#10;&#10;For more information, see https://blog.cocoapods.org and the CHANGELOG for this version at https://github.com/CocoaPods/CocoaPods/releases/tag/1.9.1&#10;&#10;Validating podspec&#10; -&gt; XTReq -&gt; XTReq (3.1.5)&#10;    - ERROR | [iOS] xcodebuild: Returned an unsuccessful exit code. You can use `--verbose` for more information.&#10;    - NOTE  | xcodebuild:  note: Using new build system&#10;    - NOTE  | [iOS] xcodebuild:  note: Planning build&#10;    - NOTE  | [iOS] xcodebuild:  note: Constructing build description&#10;    - NOTE  | [iOS] xcodebuild:  warning: The iOS Simulator deployment target 'IPHONEOS_DEPLOYMENT_TARGET' is set to 4.3, but the range of supported deployment target versions is 8.0 to 13.2.99. (in target 'FMDB' from project 'Pods')&#10;    - NOTE  | [iOS] xcodebuild:  warning: Skipping code signing because the target does not have an Info.plist file and one is not being generated automatically. (in target 'App' from project 'App')&#10;    - NOTE  | [iOS] xcodebuild:  warning: The iOS Simulator deployment target 'IPHONEOS_DEPLOYMENT_TARGET' is set to 6.0, but the range of supported deployment target versions is 8.0 to 13.2.99. (in target 'YYModel' from project 'Pods')&#10;    - WARN  | xcodebuild:  XTFMDB/demo_XTFMDB/XTFMDB/XTFMDBBase.h:10:9: warning: non-portable path to file '&lt;fmdb/FMDB.h&gt;'; specified path differs in case from file name on disk [-Wnonportable-include-path]&#10;    - WARN  | xcodebuild:  Headers/Private/YYModel/NSObject+YYModel.h:29:7: warning: '@interface' command should not be used in a comment attached to a non-interface declaration [-Wdocumentation]&#10;    - WARN  | xcodebuild:  Headers/Private/YYModel/NSObject+YYModel.h:36:7: warning: '@interface' command should not be used in a comment attached to a non-interface declaration [-Wdocumentation]&#10;    - WARN  | xcodebuild:  Headers/Private/YYModel/NSObject+YYModel.h:54:7: warning: '@interface' command should not be used in a comment attached to a non-interface declaration [-Wdocumentation]&#10;    - WARN  | xcodebuild:  Headers/Private/YYModel/NSObject+YYModel.h:285:10: warning: '@interface' command should not be used in a comment attached to a non-interface declaration [-Wdocumentation]&#10;    - WARN  | xcodebuild:  Headers/Private/YYModel/NSObject+YYModel.h:313:10: warning: '@class' command should not be used in a comment attached to a non-class declaration [-Wdocumentation]&#10;    - WARN  | xcodebuild:  Headers/Private/YYModel/NSObject+YYModel.h:315:10: warning: '@interface' command should not be used in a comment attached to a non-interface declaration [-Wdocumentation]&#10;    - WARN  | xcodebuild:  Headers/Private/YYModel/NSObject+YYModel.h:343:10: warning: '@class' command should not be used in a comment attached to a non-class declaration [-Wdocumentation]&#10;    - WARN  | [iOS] xcodebuild:  XTReq/XTReq/XTReq/downloader/XTDownloadTask.m:88:62: warning: implicit conversion loses integer precision: 'long long' to 'NSInteger' (aka 'int') [-Wshorten-64-to-32]&#10;    - WARN  | [iOS] xcodebuild:  XTReq/XTReq/XTReq/downloader/XTDownloadTask+Extension.m:46:26: warning: implicit conversion loses integer precision: 'unsigned long long' to 'NSInteger' (aka 'int') [-Wshorten-64-to-32]&#10;    - NOTE  | xcodebuild:  Headers/Public/XTReq/XTReq.h:19:9: fatal error: 'XTDownloadTask.h' file not found&#10;    - NOTE  | [iOS] xcodebuild:  warning: The iOS Simulator deployment target 'IPHONEOS_DEPLOYMENT_TARGET' is set to 7.0, but the range of supported deployment target versions is 8.0 to 13.2.99. (in target 'AFNetworking' from project 'Pods')&#10;&#10;[!] The spec did not pass validation, due to 1 error.&#10;" />
        
      </testcase>
    
  </testsuite>
</testsuites>
